<?xml version="1.0" encoding="UTF-8"?>
<!-- Generated by org.testng.reporters.JUnitReportReporter -->
<testsuite hostname="HOCG-DGB-LT29" failures="0" tests="10" name="VerifyLanguages" time="12.872" errors="0" timestamp="2022-07-03T13:13:17 WAT" skipped="0">
  <testcase classname="VerifyLanguages" name="verifyLanguageIsItalianAndConnection" time="1.337"/>
  <system-out/>
  <testcase classname="VerifyLanguages" name="verifyLanguageIsRussianAndConnection" time="1.226"/>
  <system-out/>
  <testcase classname="VerifyLanguages" name="verifyLanguageIsEnglishAndConnection" time="1.431"/>
  <system-out/>
  <testcase classname="VerifyLanguages" name="verifyLanguageIsDeutschAndConnection" time="1.347"/>
  <system-out/>
  <testcase classname="VerifyLanguages" name="verifyLanguageIsJapaneseAndConnection" time="1.216"/>
  <system-out/>
  <testcase classname="VerifyLanguages" name="verifyLanguageIsPortugalAndConnection" time="0.992"/>
  <system-out/>
  <testcase classname="VerifyLanguages" name="verifyLanguageIsChineseAndConnection" time="1.678"/>
  <system-out/>
  <testcase classname="VerifyLanguages" name="verifyLanguageIsFrenchAndConnection" time="1.328"/>
  <system-out/>
  <testcase classname="VerifyLanguages" name="verifyLanguageIsPolandAndConnection" time="1.192"/>
  <system-out/>
  <testcase classname="VerifyLanguages" name="verifyLanguageIsSpanishAndConnection" time="1.125"/>
  <system-out/>
</testsuite> <!-- VerifyLanguages -->
