<?xml version="1.0" encoding="UTF-8"?>
<!-- Generated by org.testng.reporters.JUnitReportReporter -->
<testsuite skipped="0" hostname="LAPTOP-3D02B4U2" name="Languages2" tests="1" failures="0" timestamp="2022-07-01T17:32:41 WAT" time="1.001" errors="0">
  <testcase name="verifyThatUserCanUpdateSettings2" time="1.001" classname="Languages2"/>
  <system-out/>
</testsuite> <!-- Languages2 -->
