<?xml version="1.0" encoding="UTF-8"?>
<!-- Generated by org.testng.reporters.JUnitReportReporter -->
<testsuite skipped="0" hostname="LAPTOP-3D02B4U2" name="English" tests="2" failures="0" timestamp="2022-07-01T18:14:06 WAT" time="10.045" errors="0">
  <testcase name="verifyLanguageIsEnglishAndConnection" time="5.296" classname="English"/>
  <system-out/>
  <testcase name="verifyLanguageIsRussianAndConnection" time="4.749" classname="English"/>
  <system-out/>
</testsuite> <!-- English -->
